# JRE version: Java(TM) SE Runtime Environment (8.0_25-b17) (build 1.8.0_25-b17)
# Java VM: Java HotSpot(TM) 64-Bit Server VM (25.25-b02 mixed mode bsd-amd64 compressed oops)
Heap:
 PSYoungGen      total 76288K, used 59090K [0x000000076ab00000, 0x0000000770000000, 0x00000007c0000000)
  eden space 65536K, 73% used [0x000000076ab00000,0x000000076da3c588,0x000000076eb00000)
  from space 10752K, 99% used [0x000000076f580000,0x000000076fff8650,0x0000000770000000)
  to   space 10752K, 0% used [0x000000076eb00000,0x000000076eb00000,0x000000076f580000)
 ParOldGen       total 148480K, used 58047K [0x00000006c0000000, 0x00000006c9100000, 0x000000076ab00000)
  object space 148480K, 39% used [0x00000006c0000000,0x00000006c38afdf8,0x00000006c9100000)
 Metaspace       used 20547K, capacity 21438K, committed 21760K, reserved 1069056K
  class space    used 2779K, capacity 2969K, committed 3072K, reserved 1048576K
GC Heap History (10 events):
Event: 40.152 GC heap before
{Heap before GC invocations=1 (full 0):
 PSYoungGen      total 76288K, used 65536K [0x000000076ab00000, 0x0000000770000000, 0x00000007c0000000)
  eden space 65536K, 100% used [0x000000076ab00000,0x000000076eb00000,0x000000076eb00000)
  from space 10752K, 0% used [0x000000076f580000,0x000000076f580000,0x0000000770000000)
  to   space 10752K, 0% used [0x000000076eb00000,0x000000076eb00000,0x000000076f580000)
 ParOldGen       total 175104K, used 0K [0x00000006c0000000, 0x00000006cab00000, 0x000000076ab00000)
  object space 175104K, 0% used [0x00000006c0000000,0x00000006c0000000,0x00000006cab00000)
 Metaspace       used 18848K, capacity 19650K, committed 19840K, reserved 1067008K
  class space    used 2682K, capacity 2875K, committed 2944K, reserved 1048576K
Event: 40.161 GC heap after
Heap after GC invocations=1 (full 0):
 PSYoungGen      total 76288K, used 10727K [0x000000076ab00000, 0x0000000770000000, 0x00000007c0000000)
  eden space 65536K, 0% used [0x000000076ab00000,0x000000076ab00000,0x000000076eb00000)
  from space 10752K, 99% used [0x000000076eb00000,0x000000076f579c10,0x000000076f580000)
  to   space 10752K, 0% used [0x000000076f580000,0x000000076f580000,0x0000000770000000)
 ParOldGen       total 175104K, used 6093K [0x00000006c0000000, 0x00000006cab00000, 0x000000076ab00000)
  object space 175104K, 3% used [0x00000006c0000000,0x00000006c05f37c8,0x00000006cab00000)
 Metaspace       used 18848K, capacity 19650K, committed 19840K, reserved 1067008K
  class space    used 2682K, capacity 2875K, committed 2944K, reserved 1048576K
}
Event: 127.321 GC heap before
{Heap before GC invocations=2 (full 0):
 PSYoungGen      total 76288K, used 76263K [0x000000076ab00000, 0x0000000770000000, 0x00000007c0000000)
  eden space 65536K, 100% used [0x000000076ab00000,0x000000076eb00000,0x000000076eb00000)
  from space 10752K, 99% used [0x000000076eb00000,0x000000076f579c10,0x000000076f580000)
  to   space 10752K, 0% used [0x000000076f580000,0x000000076f580000,0x0000000770000000)
 ParOldGen       total 175104K, used 6093K [0x00000006c0000000, 0x00000006cab00000, 0x000000076ab00000)
  object space 175104K, 3% used [0x00000006c0000000,0x00000006c05f37c8,0x00000006cab00000)
 Metaspace       used 20051K, capacity 20850K, committed 20992K, reserved 1067008K
  class space    used 2770K, capacity 2957K, committed 3072K, reserved 1048576K
Event: 127.343 GC heap after
Heap after GC invocations=2 (full 0):
 PSYoungGen      total 76288K, used 10737K [0x000000076ab00000, 0x0000000770000000, 0x00000007c0000000)
  eden space 65536K, 0% used [0x000000076ab00000,0x000000076ab00000,0x000000076eb00000)
  from space 10752K, 99% used [0x000000076f580000,0x000000076fffc548,0x0000000770000000)
  to   space 10752K, 0% used [0x000000076eb00000,0x000000076eb00000,0x000000076f580000)
 ParOldGen       total 175104K, used 40123K [0x00000006c0000000, 0x00000006cab00000, 0x000000076ab00000)
  object space 175104K, 22% used [0x00000006c0000000,0x00000006c272efd0,0x00000006cab00000)
 Metaspace       used 20051K, capacity 20850K, committed 20992K, reserved 1067008K
  class space    used 2770K, capacity 2957K, committed 3072K, reserved 1048576K
}
Event: 169.989 GC heap before
{Heap before GC invocations=3 (full 0):
 PSYoungGen      total 76288K, used 74189K [0x000000076ab00000, 0x0000000770000000, 0x00000007c0000000)
  eden space 65536K, 96% used [0x000000076ab00000,0x000000076e8f7260,0x000000076eb00000)
  from space 10752K, 99% used [0x000000076f580000,0x000000076fffc548,0x0000000770000000)
  to   space 10752K, 0% used [0x000000076eb00000,0x000000076eb00000,0x000000076f580000)
 ParOldGen       total 175104K, used 40123K [0x00000006c0000000, 0x00000006cab00000, 0x000000076ab00000)
  object space 175104K, 22% used [0x00000006c0000000,0x00000006c272efd0,0x00000006cab00000)
 Metaspace       used 20326K, capacity 21126K, committed 21248K, reserved 1067008K
  class space    used 2774K, capacity 2961K, committed 3072K, reserved 1048576K
Event: 170.012 GC heap after
Heap after GC invocations=3 (full 0):
 PSYoungGen      total 76288K, used 10722K [0x000000076ab00000, 0x0000000770000000, 0x00000007c0000000)
  eden space 65536K, 0% used [0x000000076ab00000,0x000000076ab00000,0x000000076eb00000)
  from space 10752K, 99% used [0x000000076eb00000,0x000000076f578aa0,0x000000076f580000)
  to   space 10752K, 0% used [0x000000076f580000,0x000000076f580000,0x0000000770000000)
 ParOldGen       total 175104K, used 80172K [0x00000006c0000000, 0x00000006cab00000, 0x000000076ab00000)
  object space 175104K, 45% used [0x00000006c0000000,0x00000006c4e4b220,0x00000006cab00000)
 Metaspace       used 20326K, capacity 21126K, committed 21248K, reserved 1067008K
  class space    used 2774K, capacity 2961K, committed 3072K, reserved 1048576K
}
Event: 170.012 GC heap before
{Heap before GC invocations=4 (full 1):
 PSYoungGen      total 76288K, used 10722K [0x000000076ab00000, 0x0000000770000000, 0x00000007c0000000)
  eden space 65536K, 0% used [0x000000076ab00000,0x000000076ab00000,0x000000076eb00000)
  from space 10752K, 99% used [0x000000076eb00000,0x000000076f578aa0,0x000000076f580000)
  to   space 10752K, 0% used [0x000000076f580000,0x000000076f580000,0x0000000770000000)
 ParOldGen       total 175104K, used 80172K [0x00000006c0000000, 0x00000006cab00000, 0x000000076ab00000)
  object space 175104K, 45% used [0x00000006c0000000,0x00000006c4e4b220,0x00000006cab00000)
 Metaspace       used 20326K, capacity 21126K, committed 21248K, reserved 1067008K
  class space    used 2774K, capacity 2961K, committed 3072K, reserved 1048576K
Event: 170.059 GC heap after
Heap after GC invocations=4 (full 1):
 PSYoungGen      total 76288K, used 0K [0x000000076ab00000, 0x0000000770000000, 0x00000007c0000000)
  eden space 65536K, 0% used [0x000000076ab00000,0x000000076ab00000,0x000000076eb00000)
  from space 10752K, 0% used [0x000000076eb00000,0x000000076eb00000,0x000000076f580000)
  to   space 10752K, 0% used [0x000000076f580000,0x000000076f580000,0x0000000770000000)
 ParOldGen       total 148480K, used 28923K [0x00000006c0000000, 0x00000006c9100000, 0x000000076ab00000)
  object space 148480K, 19% used [0x00000006c0000000,0x00000006c1c3ef60,0x00000006c9100000)
 Metaspace       used 20325K, capacity 21124K, committed 21248K, reserved 1067008K
  class space    used 2773K, capacity 2960K, committed 3072K, reserved 1048576K
}
Event: 180.092 GC heap before
{Heap before GC invocations=5 (full 1):
 PSYoungGen      total 76288K, used 65066K [0x000000076ab00000, 0x0000000770000000, 0x00000007c0000000)
  eden space 65536K, 99% used [0x000000076ab00000,0x000000076ea8a9e0,0x000000076eb00000)
  from space 10752K, 0% used [0x000000076eb00000,0x000000076eb00000,0x000000076f580000)
  to   space 10752K, 0% used [0x000000076f580000,0x000000076f580000,0x0000000770000000)
 ParOldGen       total 148480K, used 28923K [0x00000006c0000000, 0x00000006c9100000, 0x000000076ab00000)
  object space 148480K, 19% used [0x00000006c0000000,0x00000006c1c3ef60,0x00000006c9100000)
 Metaspace       used 20471K, capacity 21342K, committed 21504K, reserved 1067008K
  class space    used 2774K, capacity 2963K, committed 3072K, reserved 1048576K
Event: 180.096 GC heap after
Heap after GC invocations=5 (full 1):
 PSYoungGen      total 76288K, used 10721K [0x000000076ab00000, 0x0000000770000000, 0x00000007c0000000)
  eden space 65536K, 0% used [0x000000076ab00000,0x000000076ab00000,0x000000076eb00000)
  from space 10752K, 99% used [0x000000076f580000,0x000000076fff8650,0x0000000770000000)
  to   space 10752K, 0% used [0x000000076eb00000,0x000000076eb00000,0x000000076f580000)
 ParOldGen       total 148480K, used 58047K [0x00000006c0000000, 0x00000006c9100000, 0x000000076ab00000)
  object space 148480K, 39% used [0x00000006c0000000,0x00000006c38afdf8,0x00000006c9100000)
 Metaspace       used 20471K, capacity 21342K, committed 21504K, reserved 1067008K
  class space    used 2774K, capacity 2963K, committed 3072K, reserved 1048576K
}

